
(nwg-wrapper:785991): Gtk-WARNING **: 19:52:55.423: Theme parsing error: gtk-dark.css:9381:21: Not using units is deprecated. Assuming 'px'.
Gdk-Message: 21:58:11.809: Error reading events from display: Broken pipe
[2025-03-03 08:06:08.277] [info] Using configuration file /home/arkboi/.config/waybar/config.jsonc
[2025-03-03 08:06:08.280] [info] Discovered appearance 'dark'
[2025-03-03 08:06:08.280] [info] Using CSS file /home/arkboi/.config/waybar/style.css
[2025-03-03 08:06:08.285] [info] Hyprland IPC starting
[2025-03-03 08:06:08.285] [info] Loading persistent workspaces from Hyprland workspace rules
sh: line 1: /home/arkboi/arkscripts/unamea.sh: No such file or directory
[2025-03-03 08:06:08.364] [warning] Requested height: 32 is less than the minimum height: 40 required by the modules
[2025-03-03 08:06:08.364] [info] Bar configured (width: 1920, height: 40) for output: eDP-1
[2025-03-03 08:06:08.368] [warning] Requested height: 40 is less than the minimum height: 41 required by the modules
[2025-03-03 08:06:08.368] [info] Bar configured (width: 1920, height: 41) for output: eDP-1
[2025-03-03 08:06:08.368] [error] Item '': No icon name or pixmap given.

** (waybar:37304): WARNING **: 08:06:08.381: Status Notifier Item with bus name ':1.8' and object path '/org/ayatana/NotificationItem/nm_applet' is already registered
[2025-03-03 08:06:08.446] [warning] Requested height: 41 is less than the minimum height: 42 required by the modules
[2025-03-03 08:06:08.446] [info] Bar configured (width: 1920, height: 42) for output: eDP-1

** (waybar:37304): WARNING **: 08:06:10.019: Status Notifier Item with bus name ':1.8' and object path '/org/ayatana/NotificationItem/nm_applet' is already registered

(nm-applet:189461): Gtk-CRITICAL **: 10:16:58.169: gtk_widget_get_scale_factor: assertion 'GTK_IS_WIDGET (widget)' failed

(nm-applet:189461): Gtk-CRITICAL **: 10:16:58.169: gtk_widget_get_scale_factor: assertion 'GTK_IS_WIDGET (widget)' failed

(nm-applet:189461): Gtk-CRITICAL **: 10:41:47.136: gtk_widget_get_scale_factor: assertion 'GTK_IS_WIDGET (widget)' failed

(nm-applet:189461): Gtk-CRITICAL **: 11:47:03.674: gtk_widget_get_scale_factor: assertion 'GTK_IS_WIDGET (widget)' failed

(nm-applet:189461): Gtk-CRITICAL **: 11:51:47.719: gtk_widget_get_scale_factor: assertion 'GTK_IS_WIDGET (widget)' failed

(nm-applet:189461): Gtk-CRITICAL **: 11:54:15.505: gtk_widget_get_scale_factor: assertion 'GTK_IS_WIDGET (widget)' failed

(nm-applet:189461): Gtk-CRITICAL **: 12:02:38.764: gtk_widget_get_scale_factor: assertion 'GTK_IS_WIDGET (widget)' failed

(nm-applet:189461): Gtk-CRITICAL **: 12:02:56.350: gtk_widget_get_scale_factor: assertion 'GTK_IS_WIDGET (widget)' failed

(nm-applet:189461): Gtk-CRITICAL **: 12:07:56.886: gtk_widget_get_scale_factor: assertion 'GTK_IS_WIDGET (widget)' failed
[2025-03-05 12:20:00.220] [info] Using configuration file /home/arkboi/.config/waybar/config.jsonc
[2025-03-05 12:20:00.222] [info] Discovered appearance 'dark'
[2025-03-05 12:20:00.222] [info] Using CSS file /home/arkboi/.config/waybar/style.css
[2025-03-05 12:20:00.226] [info] Hyprland IPC starting
[2025-03-05 12:20:00.226] [info] Loading persistent workspaces from Hyprland workspace rules

(nm-applet:189461): Gtk-CRITICAL **: 12:20:00.361: gtk_widget_get_scale_factor: assertion 'GTK_IS_WIDGET (widget)' failed

** (waybar:322835): WARNING **: 12:20:00.374: Status Notifier Item with bus name ':1.122' and object path '/org/ayatana/NotificationItem/nm_applet' is already registered
[2025-03-05 12:20:00.408] [info] Bar configured (width: 1900, height: 30) for output: eDP-1
[2025-03-05 12:20:00.408] [error] Item '': No icon name or pixmap given.
[2025-03-05 12:20:00.421] [error] Item '': No icon name or pixmap given.

** (waybar:322835): WARNING **: 12:20:01.571: Status Notifier Item with bus name ':1.122' and object path '/org/ayatana/NotificationItem/nm_applet' is already registered

(nm-applet:189461): Gtk-CRITICAL **: 12:20:09.589: gtk_widget_get_scale_factor: assertion 'GTK_IS_WIDGET (widget)' failed
[2025-03-05 12:20:12.670] [info] Using configuration file /home/arkboi/.config/waybar/config.jsonc
[2025-03-05 12:20:12.673] [info] Discovered appearance 'dark'
[2025-03-05 12:20:12.673] [info] Using CSS file /home/arkboi/.config/waybar/style.css
[2025-03-05 12:20:12.677] [info] Hyprland IPC starting
[2025-03-05 12:20:12.678] [info] Loading persistent workspaces from Hyprland workspace rules
[2025-03-05 12:20:12.834] [info] Bar configured (width: 1900, height: 30) for output: eDP-1

** (waybar:323517): WARNING **: 12:20:12.837: Status Notifier Item with bus name ':1.122' and object path '/org/ayatana/NotificationItem/nm_applet' is already registered

** (waybar:323517): WARNING **: 12:20:12.837: Status Notifier Item with bus name ':1.122' and object path '/org/ayatana/NotificationItem/nm_applet' is already registered

(nm-applet:189461): GLib-GIO-CRITICAL **: 12:24:01.141: g_dbus_proxy_get_cached_property: assertion 'G_IS_DBUS_PROXY (proxy)' failed

(nm-applet:189461): Gtk-CRITICAL **: 12:24:01.242: gtk_widget_get_scale_factor: assertion 'GTK_IS_WIDGET (widget)' failed

(nm-applet:189461): GLib-GIO-CRITICAL **: 12:24:02.320: g_dbus_proxy_get_cached_property: assertion 'G_IS_DBUS_PROXY (proxy)' failed
